2022-09-08 16:01:43 Error: [MissingPluginException] Plugin DebugKit could not be found.
Exception Attributes: array (
  'plugin' => 'DebugKit',
)
Request URL: /messageboard3/
Stack Trace:
#0 C:\xampp\htdocs\messageboard3\lib\Cake\Core\App.php(227): CakePlugin::path('DebugKit')
#1 C:\xampp\htdocs\messageboard3\lib\Cake\Core\App.php(549): App::path('Controller/Comp...', 'DebugKit')
#2 [internal function]: App::load('ToolbarComponen...')
#3 C:\xampp\htdocs\messageboard3\lib\Cake\Controller\ComponentCollection.php(110): class_exists('ToolbarComponen...')
#4 C:\xampp\htdocs\messageboard3\lib\Cake\Controller\ComponentCollection.php(53): ComponentCollection->load('DebugKit.Toolba...', Array)
#5 C:\xampp\htdocs\messageboard3\lib\Cake\Controller\Controller.php(649): ComponentCollection->init(Object(UsersController))
#6 C:\xampp\htdocs\messageboard3\lib\Cake\Routing\Dispatcher.php(188): Controller->constructClasses()
#7 C:\xampp\htdocs\messageboard3\lib\Cake\Routing\Dispatcher.php(167): Dispatcher->_invoke(Object(UsersController), Object(CakeRequest))
#8 C:\xampp\htdocs\messageboard3\app\webroot\index.php(117): Dispatcher->dispatch(Object(CakeRequest), Object(CakeResponse))
#9 {main}
2022-09-08 16:02:34 Error: [MissingPluginException] Plugin DebugKit could not be found.
Exception Attributes: array (
  'plugin' => 'DebugKit',
)
Request URL: /messageboard3/
Stack Trace:
#0 C:\xampp\htdocs\messageboard3\lib\Cake\Core\App.php(227): CakePlugin::path('DebugKit')
#1 C:\xampp\htdocs\messageboard3\lib\Cake\Core\App.php(549): App::path('Controller/Comp...', 'DebugKit')
#2 [internal function]: App::load('ToolbarComponen...')
#3 C:\xampp\htdocs\messageboard3\lib\Cake\Controller\ComponentCollection.php(110): class_exists('ToolbarComponen...')
#4 C:\xampp\htdocs\messageboard3\lib\Cake\Controller\ComponentCollection.php(53): ComponentCollection->load('DebugKit.Toolba...', Array)
#5 C:\xampp\htdocs\messageboard3\lib\Cake\Controller\Controller.php(649): ComponentCollection->init(Object(UsersController))
#6 C:\xampp\htdocs\messageboard3\lib\Cake\Routing\Dispatcher.php(188): Controller->constructClasses()
#7 C:\xampp\htdocs\messageboard3\lib\Cake\Routing\Dispatcher.php(167): Dispatcher->_invoke(Object(UsersController), Object(CakeRequest))
#8 C:\xampp\htdocs\messageboard3\app\webroot\index.php(117): Dispatcher->dispatch(Object(CakeRequest), Object(CakeResponse))
#9 {main}
